<?xml version="1.0" encoding="UTF-8"?>
<!-- Generated by org.testng.reporters.JUnitXMLReporter -->
<testsuite hostname="DESKTOP-GMDIF6L" ignored="0" name="UnitTest" tests="5" failures="0" timestamp="2020-03-23T02:10:10 CET" time="25.367" errors="0">
  <testcase name="verifyTitle" time="2.274" classname="com.test.Search_Page_Unit_Test"/>
  <testcase name="from" time="7.325" classname="com.test.Search_Page_Unit_Test"/>
  <testcase name="to" time="2.4" classname="com.test.Search_Page_Unit_Test"/>
  <testcase name="date" time="1.626" classname="com.test.Search_Page_Unit_Test"/>
  <testcase name="search" time="2.636" classname="com.test.Search_Page_Unit_Test"/>
</testsuite> <!-- UnitTest -->
